This is pdfTeX, Version 3.14159265-2.6-1.40.21 (TeX Live 2020/Arch Linux) (preloaded format=pdflatex 2020.12.5)  7 DEC 2020 21:28
entering extended mode
 restricted \write18 enabled.
 file:line:error style messages enabled.
 %&-line parsing enabled.
**/home/eduardo/Documentos/Projetos/pydash/tex/egpaper_final.tex
(/home/eduardo/Documentos/Projetos/pydash/tex/egpaper_final.tex
LaTeX2e <2020-02-02> patch level 5
L3 programming layer <2020-06-03> (/usr/share/texmf-dist/tex/latex/base/article.cls
Document Class: article 2019/12/20 v1.4l Standard LaTeX document class
(/usr/share/texmf-dist/tex/latex/base/size10.clo
File: size10.clo 2019/12/20 v1.4l Standard LaTeX file (size option)
)
\c@part=\count167
\c@section=\count168
\c@subsection=\count169
\c@subsubsection=\count170
\c@paragraph=\count171
\c@subparagraph=\count172
\c@figure=\count173
\c@table=\count174
\abovecaptionskip=\skip47
\belowcaptionskip=\skip48
\bibindent=\dimen134
) (/home/eduardo/Documentos/Projetos/pydash/tex/cvpr.sty (/home/eduardo/Documentos/Projetos/pydash/tex/eso-pic.sty
Package: eso-pic 2002/11/16 v1.1b eso-pic (RN)
 (/home/eduardo/Documentos/Projetos/pydash/tex/cvpr_eso.sty

LaTeX Warning: You have requested package `eso-pic',
               but the package provides `everyshi'.

Package: everyshi 2001/05/15 v3.00 EveryShipout Package (MS)
) (/usr/share/texmf-dist/tex/latex/graphics/keyval.sty
Package: keyval 2014/10/28 v1.15 key=value parser (DPC)
\KV@toks@=\toks15
)) (/usr/share/texmf-dist/tex/latex/tools/xspace.sty
Package: xspace 2014/10/28 v1.13 Space after command names (DPC,MH)
)
CVPR 8.5 x 11-Inch Proceedings Style `cvpr.sty'.
\@ctmp=\skip49
\@figindent=\skip50
\cvprrulerbox=\box45
\cvprrulercount=\count175
\cvprruleroffset=\dimen135
\cv@lineheight=\dimen136
\cv@boxheight=\dimen137
\cv@tmpbox=\box46
\cv@refno=\count176
\cv@tot=\count177
\cv@tmpc@=\count178
\cv@tmpc=\count179
) (/usr/share/texmf-dist/tex/latex/psnfss/times.sty
Package: times 2020/03/25 PSNFSS-v9.3 (SPQR) 
) (/usr/share/texmf-dist/tex/latex/graphics/epsfig.sty
Package: epsfig 2017/06/25 v1.7b (e)psfig emulation (SPQR)
 (/usr/share/texmf-dist/tex/latex/graphics/graphicx.sty
Package: graphicx 2019/11/30 v1.2a Enhanced LaTeX Graphics (DPC,SPQR)
 (/usr/share/texmf-dist/tex/latex/graphics/graphics.sty
Package: graphics 2019/11/30 v1.4a Standard LaTeX Graphics (DPC,SPQR)
 (/usr/share/texmf-dist/tex/latex/graphics/trig.sty
Package: trig 2016/01/03 v1.10 sin cos tan (DPC)
) (/usr/share/texmf-dist/tex/latex/graphics-cfg/graphics.cfg
File: graphics.cfg 2016/06/04 v1.11 sample graphics configuration
)
Package graphics Info: Driver file: pdftex.def on input line 105.
 (/usr/share/texmf-dist/tex/latex/graphics-def/pdftex.def
File: pdftex.def 2018/01/08 v1.0l Graphics/color driver for pdftex
))
\Gin@req@height=\dimen138
\Gin@req@width=\dimen139
)
\epsfxsize=\dimen140
\epsfysize=\dimen141
) (/usr/share/texmf-dist/tex/latex/amsmath/amsmath.sty
Package: amsmath 2020/01/20 v2.17e AMS math features
\@mathmargin=\skip51

For additional information on amsmath, use the `?' option.
(/usr/share/texmf-dist/tex/latex/amsmath/amstext.sty
Package: amstext 2000/06/29 v2.01 AMS text
 (/usr/share/texmf-dist/tex/latex/amsmath/amsgen.sty
File: amsgen.sty 1999/11/30 v2.0 generic functions
\@emptytoks=\toks16
\ex@=\dimen142
)) (/usr/share/texmf-dist/tex/latex/amsmath/amsbsy.sty
Package: amsbsy 1999/11/29 v1.2d Bold Symbols
\pmbraise@=\dimen143
) (/usr/share/texmf-dist/tex/latex/amsmath/amsopn.sty
Package: amsopn 2016/03/08 v2.02 operator names
)
\inf@bad=\count180
LaTeX Info: Redefining \frac on input line 227.
\uproot@=\count181
\leftroot@=\count182
LaTeX Info: Redefining \overline on input line 389.
\classnum@=\count183
\DOTSCASE@=\count184
LaTeX Info: Redefining \ldots on input line 486.
LaTeX Info: Redefining \dots on input line 489.
LaTeX Info: Redefining \cdots on input line 610.
\Mathstrutbox@=\box47
\strutbox@=\box48
\big@size=\dimen144
LaTeX Font Info:    Redeclaring font encoding OML on input line 733.
LaTeX Font Info:    Redeclaring font encoding OMS on input line 734.
\macc@depth=\count185
\c@MaxMatrixCols=\count186
\dotsspace@=\muskip16
\c@parentequation=\count187
\dspbrk@lvl=\count188
\tag@help=\toks17
\row@=\count189
\column@=\count190
\maxfields@=\count191
\andhelp@=\toks18
\eqnshift@=\dimen145
\alignsep@=\dimen146
\tagshift@=\dimen147
\tagwidth@=\dimen148
\totwidth@=\dimen149
\lineht@=\dimen150
\@envbody=\toks19
\multlinegap=\skip52
\multlinetaggap=\skip53
\mathdisplay@stack=\toks20
LaTeX Info: Redefining \[ on input line 2859.
LaTeX Info: Redefining \] on input line 2860.
) (/usr/share/texmf-dist/tex/latex/amsfonts/amssymb.sty
Package: amssymb 2013/01/14 v3.01 AMS font symbols
 (/usr/share/texmf-dist/tex/latex/amsfonts/amsfonts.sty
Package: amsfonts 2013/01/14 v3.01 Basic AMSFonts support
\symAMSa=\mathgroup4
\symAMSb=\mathgroup5
LaTeX Font Info:    Redeclaring math symbol \hbar on input line 98.
LaTeX Font Info:    Overwriting math alphabet `\mathfrak' in version `bold'
(Font)                  U/euf/m/n --> U/euf/b/n on input line 106.
)) (/usr/share/texmf-dist/tex/latex/float/float.sty
Package: float 2001/11/08 v1.3d Float enhancements (AL)
\c@float@type=\count192
\float@exts=\toks21
\float@box=\box49
\@float@everytoks=\toks22
\@floatcapt=\box50
) (/usr/share/texmf-dist/tex/generic/babel/babel.sty
Package: babel 2020/05/13 3.44 The Babel package
 (/usr/share/texmf-dist/tex/generic/babel/babel.def
File: babel.def 2020/05/13 3.44 Babel common definitions
\babel@savecnt=\count193
\U@D=\dimen151
\l@babelnohyphens=\language86
 (/usr/share/texmf-dist/tex/generic/babel/txtbabel.def)
\bbl@readstream=\read2
)
\bbl@dirlevel=\count194
 (/usr/share/texmf-dist/tex/generic/babel-portuges/brazil.ldf
Language: portuges 2020/05/04 v1.2r Portuguese support from the babel system
Package babel Info: \l@brazil = using hyphenrules for portuguese
(babel)             (\language69) on input line 111.
Package babel Info: Making " an active character on input line 143.
)) (/usr/share/texmf-dist/tex/latex/base/inputenc.sty
Package: inputenc 2018/08/11 v1.3c Input encoding file
\inpenc@prehook=\toks23
\inpenc@posthook=\toks24
) (/usr/share/texmf-dist/tex/latex/caption/caption.sty
Package: caption 2020/05/10 v3.4j Customizing captions (AR)
 (/usr/share/texmf-dist/tex/latex/caption/caption3.sty
Package: caption3 2020/05/10 v1.11 caption3 kernel (AR)
Package caption3 Info: TeX engine: e-TeX on input line 61.
\captionmargin=\dimen152
\captionmargin@=\dimen153
\captionwidth=\dimen154
\caption@tempdima=\dimen155
\caption@indent=\dimen156
\caption@parindent=\dimen157
\caption@hangindent=\dimen158
Package caption Info: Unknown document class (or package),
(caption)             standard defaults will be used.
Package caption Info: \@makecaption = \long macro:#1#2-> \setbox \@tempboxa \hbox {\small \noindent #1.~#2} \setlength {\@ctmp }{\hsize } \addtolength {\@ctmp }{-\@figindent }\addtolength {\@ctmp }{-\@figindent } \ifdim \wd \@tempboxa >\@ctmp {\small #1.~#2\par } \else \hbox to\hsize {\hfil \box \@tempboxa \hfil } \fi  on input line 1053.
)

Package caption Warning: Unknown document class (or package),
(caption)                standard defaults will be used.
See the caption package documentation for explanation.

\c@caption@flags=\count195
\c@continuedfloat=\count196
Package caption Info: float package is loaded.
) (/usr/share/texmf-dist/tex/latex/listings/listings.sty
\lst@mode=\count197
\lst@gtempboxa=\box51
\lst@token=\toks25
\lst@length=\count198
\lst@currlwidth=\dimen159
\lst@column=\count199
\lst@pos=\count266
\lst@lostspace=\dimen160
\lst@width=\dimen161
\lst@newlines=\count267
\lst@lineno=\count268
\lst@maxwidth=\dimen162
 (/usr/share/texmf-dist/tex/latex/listings/lstmisc.sty
File: lstmisc.sty 2020/03/24 1.8d (Carsten Heinz)
\c@lstnumber=\count269
\lst@skipnumbers=\count270
\lst@framebox=\box52
) (/usr/share/texmf-dist/tex/latex/listings/listings.cfg
File: listings.cfg 2020/03/24 1.8d listings configuration
))
Package: listings 2020/03/24 1.8d (Carsten Heinz)
 (/usr/share/texmf-dist/tex/latex/graphics/color.sty
Package: color 2019/11/23 v1.2a Standard LaTeX Color (DPC)
 (/usr/share/texmf-dist/tex/latex/graphics-cfg/color.cfg
File: color.cfg 2016/01/02 v1.6 sample color configuration
)
Package color Info: Driver file: pdftex.def on input line 147.
) (/usr/share/texmf-dist/tex/latex/hyperref/hyperref.sty
Package: hyperref 2020-05-15 v7.00e Hypertext links for LaTeX
 (/usr/share/texmf-dist/tex/generic/ltxcmds/ltxcmds.sty
Package: ltxcmds 2019/12/15 v1.24 LaTeX kernel commands for general use (HO)
) (/usr/share/texmf-dist/tex/generic/iftex/iftex.sty
Package: iftex 2020/03/06 v1.0d TeX engine tests
) (/usr/share/texmf-dist/tex/latex/pdftexcmds/pdftexcmds.sty
Package: pdftexcmds 2020-06-04 v0.32 Utility functions of pdfTeX for LuaTeX (HO)
 (/usr/share/texmf-dist/tex/generic/infwarerr/infwarerr.sty
Package: infwarerr 2019/12/03 v1.5 Providing info/warning/error messages (HO)
)
Package pdftexcmds Info: \pdf@primitive is available.
Package pdftexcmds Info: \pdf@ifprimitive is available.
Package pdftexcmds Info: \pdfdraftmode found.
) (/usr/share/texmf-dist/tex/generic/kvsetkeys/kvsetkeys.sty
Package: kvsetkeys 2019/12/15 v1.18 Key value parser (HO)
) (/usr/share/texmf-dist/tex/generic/kvdefinekeys/kvdefinekeys.sty
Package: kvdefinekeys 2019-12-19 v1.6 Define keys (HO)
) (/usr/share/texmf-dist/tex/generic/pdfescape/pdfescape.sty
Package: pdfescape 2019/12/09 v1.15 Implements pdfTeX's escape features (HO)
) (/usr/share/texmf-dist/tex/latex/hycolor/hycolor.sty
Package: hycolor 2020-01-27 v1.10 Color options for hyperref/bookmark (HO)
) (/usr/share/texmf-dist/tex/latex/letltxmacro/letltxmacro.sty
Package: letltxmacro 2019/12/03 v1.6 Let assignment for LaTeX macros (HO)
) (/usr/share/texmf-dist/tex/latex/auxhook/auxhook.sty
Package: auxhook 2019-12-17 v1.6 Hooks for auxiliary files (HO)
) (/usr/share/texmf-dist/tex/latex/kvoptions/kvoptions.sty
Package: kvoptions 2019/11/29 v3.13 Key value format for package options (HO)
)
\@linkdim=\dimen163
\Hy@linkcounter=\count271
\Hy@pagecounter=\count272
 (/usr/share/texmf-dist/tex/latex/hyperref/pd1enc.def
File: pd1enc.def 2020-05-15 v7.00e Hyperref: PDFDocEncoding definition (HO)
Now handling font encoding PD1 ...
... no UTF-8 mapping file for font encoding PD1
) (/usr/share/texmf-dist/tex/generic/intcalc/intcalc.sty
Package: intcalc 2019/12/15 v1.3 Expandable calculations with integers (HO)
) (/usr/share/texmf-dist/tex/generic/etexcmds/etexcmds.sty
Package: etexcmds 2019/12/15 v1.7 Avoid name clashes with e-TeX commands (HO)
)
\Hy@SavedSpaceFactor=\count273
Package hyperref Info: Option `breaklinks' set `true' on input line 4338.
Package hyperref Info: Option `bookmarks' set `false' on input line 4338.
Package hyperref Info: Hyper figures OFF on input line 4464.
Package hyperref Info: Link nesting OFF on input line 4469.
Package hyperref Info: Hyper index ON on input line 4472.
Package hyperref Info: Plain pages OFF on input line 4479.
Package hyperref Info: Backreferencing OFF on input line 4484.
Package hyperref Info: Implicit mode ON; LaTeX internals redefined.
Package hyperref Info: Bookmarks OFF on input line 4723.
\c@Hy@tempcnt=\count274
 (/usr/share/texmf-dist/tex/latex/url/url.sty
\Urlmuskip=\muskip17
Package: url 2013/09/16  ver 3.4  Verb mode for urls, etc.
)
LaTeX Info: Redefining \url on input line 5076.
\XeTeXLinkMargin=\dimen164
 (/usr/share/texmf-dist/tex/generic/bitset/bitset.sty
Package: bitset 2019/12/09 v1.3 Handle bit-vector datatype (HO)
 (/usr/share/texmf-dist/tex/generic/bigintcalc/bigintcalc.sty
Package: bigintcalc 2019/12/15 v1.5 Expandable calculations on big integers (HO)
))
\Fld@menulength=\count275
\Field@Width=\dimen165
\Fld@charsize=\dimen166
Package hyperref Info: Hyper figures OFF on input line 6347.
Package hyperref Info: Link nesting OFF on input line 6352.
Package hyperref Info: Hyper index ON on input line 6355.
Package hyperref Info: backreferencing OFF on input line 6362.
Package hyperref Info: Link coloring OFF on input line 6367.
Package hyperref Info: Link coloring with OCG OFF on input line 6372.
Package hyperref Info: PDF/A mode OFF on input line 6377.
LaTeX Info: Redefining \ref on input line 6417.
LaTeX Info: Redefining \pageref on input line 6421.
 (/usr/share/texmf-dist/tex/generic/atbegshi/atbegshi.sty
Package: atbegshi 2019/12/05 v1.19 At begin shipout hook (HO)
)
\Hy@abspage=\count276
\c@Item=\count277
\c@Hfootnote=\count278
)
Package hyperref Info: Driver (autodetected): hpdftex.
 (/usr/share/texmf-dist/tex/latex/hyperref/hpdftex.def
File: hpdftex.def 2020-05-15 v7.00e Hyperref driver for pdfTeX
 (/usr/share/texmf-dist/tex/latex/atveryend/atveryend.sty
Package: atveryend 2019-12-11 v1.11 Hooks at the very end of document (HO)
Package atveryend Info: \enddocument detected (standard20110627).
)
\Fld@listcount=\count279
\c@bookmark@seq@number=\count280
 (/usr/share/texmf-dist/tex/latex/rerunfilecheck/rerunfilecheck.sty
Package: rerunfilecheck 2019/12/05 v1.9 Rerun checks for auxiliary files (HO)
 (/usr/share/texmf-dist/tex/generic/uniquecounter/uniquecounter.sty
Package: uniquecounter 2019/12/15 v1.4 Provide unlimited unique counter (HO)
)
Package uniquecounter Info: New unique counter `rerunfilecheck' on input line 286.
)
\Hy@SectionHShift=\skip54
) (/usr/share/texmf-dist/tex/latex/l3backend/l3backend-pdfmode.def
File: l3backend-pdfmode.def 2020-06-03 L3 backend support: PDF mode
\l__kernel_color_stack_int=\count281
\l__pdf_internal_box=\box53
) (/home/eduardo/Documentos/Projetos/pydash/tex/egpaper_final.aux)
LaTeX Font Info:    Checking defaults for OML/cmm/m/it on input line 44.
LaTeX Font Info:    ... okay on input line 44.
LaTeX Font Info:    Checking defaults for OMS/cmsy/m/n on input line 44.
LaTeX Font Info:    ... okay on input line 44.
LaTeX Font Info:    Checking defaults for OT1/cmr/m/n on input line 44.
LaTeX Font Info:    ... okay on input line 44.
LaTeX Font Info:    Checking defaults for T1/cmr/m/n on input line 44.
LaTeX Font Info:    ... okay on input line 44.
LaTeX Font Info:    Checking defaults for TS1/cmr/m/n on input line 44.
LaTeX Font Info:    ... okay on input line 44.
LaTeX Font Info:    Checking defaults for OMX/cmex/m/n on input line 44.
LaTeX Font Info:    ... okay on input line 44.
LaTeX Font Info:    Checking defaults for U/cmr/m/n on input line 44.
LaTeX Font Info:    ... okay on input line 44.
LaTeX Font Info:    Checking defaults for PD1/pdf/m/n on input line 44.
LaTeX Font Info:    ... okay on input line 44.
LaTeX Font Info:    Trying to load font information for OT1+ptm on input line 44.
 (/usr/share/texmf-dist/tex/latex/psnfss/ot1ptm.fd
File: ot1ptm.fd 2001/06/04 font definitions for OT1/ptm.
) ABD: EveryShipout initializing macros (/usr/share/texmf-dist/tex/context/base/mkii/supp-pdf.mkii
[Loading MPS to PDF converter (version 2006.09.02).]
\scratchcounter=\count282
\scratchdimen=\dimen167
\scratchbox=\box54
\nofMPsegments=\count283
\nofMParguments=\count284
\everyMPshowfont=\toks26
\MPscratchCnt=\count285
\MPscratchDim=\dimen168
\MPnumerator=\count286
\makeMPintoPDFobject=\count287
\everyMPtoPDFconversion=\toks27
) (/usr/share/texmf-dist/tex/latex/epstopdf-pkg/epstopdf-base.sty
Package: epstopdf-base 2020-01-24 v2.11 Base part for package epstopdf
Package epstopdf-base Info: Redefining graphics rule for `.eps' on input line 485.
 (/usr/share/texmf-dist/tex/latex/latexconfig/epstopdf-sys.cfg
File: epstopdf-sys.cfg 2010/07/13 v1.3 Configuration of (r)epstopdf for TeX Live
))
Package caption Info: Begin \AtBeginDocument code.
Package caption Info: hyperref package is loaded.
Package caption Info: listings package is loaded.
Package caption Info: End \AtBeginDocument code.
\c@lstlisting=\count288
\AtBeginShipoutBox=\box55
Package atbegshi Info: Package `everyshi' patched.
Package hyperref Info: Link coloring OFF on input line 44.
 (/usr/share/texmf-dist/tex/latex/hyperref/nameref.sty
Package: nameref 2019/09/16 v2.46 Cross-referencing by name of section
 (/usr/share/texmf-dist/tex/latex/refcount/refcount.sty
Package: refcount 2019/12/15 v3.6 Data extraction from label references (HO)
) (/usr/share/texmf-dist/tex/generic/gettitlestring/gettitlestring.sty
Package: gettitlestring 2019/12/15 v1.6 Cleanup title references (HO)
)
\c@section@level=\count289
)
LaTeX Info: Redefining \ref on input line 44.
LaTeX Info: Redefining \pageref on input line 44.
LaTeX Info: Redefining \nameref on input line 44.
LaTeX Font Info:    Trying to load font information for U+msa on input line 59.
 (/usr/share/texmf-dist/tex/latex/amsfonts/umsa.fd
File: umsa.fd 2013/01/14 v3.01 AMS symbols A
)
LaTeX Font Info:    Trying to load font information for U+msb on input line 59.
 (/usr/share/texmf-dist/tex/latex/amsfonts/umsb.fd
File: umsb.fd 2013/01/14 v3.01 AMS symbols B
)
LaTeX Font Info:    Trying to load font information for OT1+pcr on input line 59.
 (/usr/share/texmf-dist/tex/latex/psnfss/ot1pcr.fd
File: ot1pcr.fd 2001/06/04 font definitions for OT1/pcr.
)
LaTeX Font Info:    Trying to load font information for TS1+ptm on input line 87.
 (/usr/share/texmf-dist/tex/latex/psnfss/ts1ptm.fd
File: ts1ptm.fd 2001/06/04 font definitions for TS1/ptm.
)
Underfull \hbox (badness 10000) in paragraph at lines 103--104
[]\OT1/ptm/m/n/10 handle[]xml[]response - re-cebe o re-sul-tado da
 []

[1{/var/lib/texmf/fonts/map/pdftex/updmap/pdftex.map}


]
Overfull \hbox (22.55554pt too wide) detected at line 132
[]\OML/cmm/m/it/10 X\OT1/cmr/m/n/10 [\OML/cmm/m/it/10 n\OT1/cmr/m/n/10 ] = \OML/cmm/m/it/10 x\OT1/cmr/m/n/10 [\OML/cmm/m/it/10 n \OMS/cmsy/m/n/10 ^^@ \OT1/cmr/m/n/10 1] + \OML/cmm/m/it/10 T\OT1/cmr/m/n/10 [\OML/cmm/m/it/10 n \OMS/cmsy/m/n/10 ^^@ \OT1/cmr/m/n/10 1] \OMS/cmsy/m/n/10 ^^A \OML/cmm/m/it/10 k \OMS/cmsy/m/n/10 ^^A \OT1/cmr/m/n/10 (\OML/cmm/m/it/10 w \OMS/cmsy/m/n/10 ^^@ []\OT1/cmr/m/n/10 (0\OML/cmm/m/it/10 ; X\OT1/cmr/m/n/10 [\OML/cmm/m/it/10 n \OMS/cmsy/m/n/10 ^^@ \OT1/cmr/m/n/10 1] \OMS/cmsy/m/n/10 ^^@ \OML/cmm/m/it/10 x\OT1/cmr/m/n/10 [\OML/cmm/m/it/10 n \OMS/cmsy/m/n/10 ^^@ \OT1/cmr/m/n/10 1] + \OML/cmm/m/it/10 w\OT1/cmr/m/n/10 ))
 []


Underfull \hbox (badness 10000) in paragraph at lines 141--142
[]\OT1/ptm/m/n/10 Essa equa[][]ao []e im-ple-men-tada no m[]etodo han-
 []

(/usr/share/texmf-dist/tex/latex/listings/lstlang1.sty
File: lstlang1.sty 2020/03/24 1.8d listings language file
)
Underfull \hbox (badness 10000) in paragraph at lines 166--167
[]\OT1/ptm/m/n/10 Essa equa[][]ao []e im-ple-men-tada no m[]etodo han-
 []

LaTeX Font Info:    Trying to load font information for OML+ptm on input line 207.
(/usr/share/texmf-dist/tex/latex/psnfss/omlptm.fd
File: omlptm.fd 
)
LaTeX Font Info:    Font shape `OML/ptm/m/n' in size <8> not available
(Font)              Font shape `OML/cmm/m/it' tried instead on input line 207.
 [2]
Underfull \hbox (badness 3219) in paragraph at lines 254--255
[]\OT1/ptm/m/n/10 Com es-sas duas ta-xas cal-cu-la-das, o tempo en-tre
 []


Underfull \hbox (badness 10000) in paragraph at lines 298--299
[]\OT1/ptm/m/n/10 Isso []e im-ple-men-tado no m[]etodo han-
 []

[3]
Underfull \hbox (badness 5681) in paragraph at lines 317--318
[]\OT1/ptm/m/n/10 Os pri-mei-ros tes-tes re-a-li-za-dos ti-nham como ob-
 []


Underfull \hbox (badness 10000) in paragraph at lines 317--318
\OT1/ptm/m/n/10 je-tivo de-ter-mi-nar o com-por-ta-mento do al-go-ritmo
 []


Underfull \hbox (badness 10000) in paragraph at lines 317--318
\OT1/ptm/m/n/10 nas di-fe-ren-tes combina[][]oes de $\OML/cmm/m/it/10 w$ \OT1/ptm/m/n/10 e b[]min pro-
 []


Underfull \hbox (badness 7925) in paragraph at lines 317--318
\OT1/ptm/m/n/10 pos-tas, uti-li-zando os re-sul-ta-dos emi-ti-dos pelo py-
 []


Underfull \hbox (badness 4556) in paragraph at lines 317--318
\OT1/ptm/m/n/10 dash para an[]alise. A rede foi con-fi-gu-rada como
 []


Underfull \hbox (badness 10000) in paragraph at lines 317--318
\OT1/ptm/m/n/10 "LMH"como "traf-fic[]shaping[]profile[]sequence"e 5 de
 []


Underfull \hbox (badness 1112) in paragraph at lines 324--325
[]\OT1/ptm/m/n/10 A qua-li-dade da co-nex[]ao im-pac-tou di-re-ta-mente os
 []

<./images/0.35 - 35 - qual.png, id=92, 462.528pt x 346.896pt>
File: ./images/0.35 - 35 - qual.png Graphic file (type png)
<use ./images/0.35 - 35 - qual.png>
Package pdftex.def Info: ./images/0.35 - 35 - qual.png  used on input line 336.
(pdftex.def)             Requested size: 237.13594pt x 177.8515pt.
<./images/0.358 -35 -throughput.png, id=94, 462.528pt x 346.896pt>
File: ./images/0.358 -35 -throughput.png Graphic file (type png)
<use ./images/0.358 -35 -throughput.png>
Package pdftex.def Info: ./images/0.358 -35 -throughput.png  used on input line 342.
(pdftex.def)             Requested size: 237.13594pt x 177.8515pt.
<./images/0.35 - 50 - qual.png, id=95, 462.528pt x 346.896pt>
File: ./images/0.35 - 50 - qual.png Graphic file (type png)
<use ./images/0.35 - 50 - qual.png>
Package pdftex.def Info: ./images/0.35 - 50 - qual.png  used on input line 348.
(pdftex.def)             Requested size: 237.13594pt x 177.8515pt.
<./images/0.35 - 50 - Throughput .png, id=96, 462.528pt x 346.896pt>
File: ./images/0.35 - 50 - Throughput .png Graphic file (type png)
<use ./images/0.35 - 50 - Throughput .png>
Package pdftex.def Info: ./images/0.35 - 50 - Throughput .png  used on input line 354.
(pdftex.def)             Requested size: 237.13594pt x 177.8515pt.

LaTeX Warning: No positions in optional float specifier.
               Default added (so using `tbp') on input line 359.


Overfull \hbox (5.58694pt too wide) in paragraph at lines 361--383
 [][] 
 []


LaTeX Warning: No positions in optional float specifier.
               Default added (so using `tbp') on input line 386.

[4 </home/eduardo/Documentos/Projetos/pydash/tex/./images/0.35 - 35 - qual.png>]
<./images/playback_pauses.png, id=120, 462.528pt x 346.896pt>
File: ./images/playback_pauses.png Graphic file (type png)
<use ./images/playback_pauses.png>
Package pdftex.def Info: ./images/playback_pauses.png  used on input line 426.
(pdftex.def)             Requested size: 237.13594pt x 177.8515pt.
<./images/playback_pauses_25.png, id=121, 462.528pt x 346.896pt>
File: ./images/playback_pauses_25.png Graphic file (type png)
<use ./images/playback_pauses_25.png>
Package pdftex.def Info: ./images/playback_pauses_25.png  used on input line 432.
(pdftex.def)             Requested size: 237.13594pt x 177.8515pt.
<./images/playback_quality_qi.png, id=122, 462.528pt x 346.896pt>
File: ./images/playback_quality_qi.png Graphic file (type png)
<use ./images/playback_quality_qi.png>
Package pdftex.def Info: ./images/playback_quality_qi.png  used on input line 438.
(pdftex.def)             Requested size: 237.13594pt x 177.8515pt.
<./images/throughput.png, id=123, 462.528pt x 346.896pt>
File: ./images/throughput.png Graphic file (type png)
<use ./images/throughput.png>
Package pdftex.def Info: ./images/throughput.png  used on input line 444.
(pdftex.def)             Requested size: 237.13594pt x 177.8515pt.
<./images/playback_quality_qi35.png, id=124, 462.528pt x 346.896pt>
File: ./images/playback_quality_qi35.png Graphic file (type png)
<use ./images/playback_quality_qi35.png>
Package pdftex.def Info: ./images/playback_quality_qi35.png  used on input line 450.
(pdftex.def)             Requested size: 237.13594pt x 177.8515pt.
<./images/throughput35.png, id=125, 462.528pt x 346.896pt>
File: ./images/throughput35.png Graphic file (type png)
<use ./images/throughput35.png>
Package pdftex.def Info: ./images/throughput35.png  used on input line 457.
(pdftex.def)             Requested size: 237.13594pt x 177.8515pt.

Underfull \hbox (badness 1400) in paragraph at lines 462--463
\OT1/ptm/m/n/10 te-rior conclui-se que o al-go-ritmo pro-posto sa-tis-faz as
 []

[5 </home/eduardo/Documentos/Projetos/pydash/tex/./images/0.358 -35 -throughput.png> </home/eduardo/Documentos/Projetos/pydash/tex/./images/0.35 - 50 - qual.png> </home/eduardo/Documentos/Projetos/pydash/tex/./images/0.35 - 50 - Throughput .png>] [6 </home/eduardo/Documentos/Projetos/pydash/tex/./images/playback_pauses.png> </home/eduardo/Documentos/Projetos/pydash/tex/./images/playback_pauses_25.png> </home/eduardo/Documentos/Projetos/pydash/tex/./images/playback_quality_qi.png> </home/eduardo/Documentos/Projetos/pydash/tex/./images/throughput.png>] (/home/eduardo/Documentos/Projetos/pydash/tex/egpaper_final.bbl)
Package atveryend Info: Empty hook `BeforeClearDocument' on input line 477.
 [7 </home/eduardo/Documentos/Projetos/pydash/tex/./images/playback_quality_qi35.png> </home/eduardo/Documentos/Projetos/pydash/tex/./images/throughput35.png>]
Package atveryend Info: Empty hook `AfterLastShipout' on input line 477.
 (/home/eduardo/Documentos/Projetos/pydash/tex/egpaper_final.aux)
Package atveryend Info: Executing hook `AtVeryEndDocument' on input line 477.
Package atveryend Info: Empty hook `AtEndAfterFileList' on input line 477.
Package atveryend Info: Empty hook `AtVeryVeryEnd' on input line 477.
 ) 
Here is how much of TeX's memory you used:
 10533 strings out of 480478
 155554 string characters out of 5905959
 692200 words of memory out of 5000000
 26263 multiletter control sequences out of 15000+600000
 555633 words of font info for 76 fonts, out of 8000000 for 9000
 1141 hyphenation exceptions out of 8191
 38i,12n,43p,934b,1898s stack positions out of 5000i,500n,10000p,200000b,80000s
{/usr/share/texmf-dist/fonts/enc/dvips/base/8r.enc}</usr/share/texmf-dist/fonts/type1/public/amsfonts/cm/cmex10.pfb></usr/share/texmf-dist/fonts/type1/public/amsfonts/cm/cmmi10.pfb></usr/share/texmf-dist/fonts/type1/public/amsfonts/cm/cmmi7.pfb></usr/share/texmf-dist/fonts/type1/public/amsfonts/cm/cmmi8.pfb></usr/share/texmf-dist/fonts/type1/public/amsfonts/cm/cmr10.pfb></usr/share/texmf-dist/fonts/type1/public/amsfonts/cm/cmr7.pfb></usr/share/texmf-dist/fonts/type1/public/amsfonts/cm/cmsy10.pfb></usr/share/texmf-dist/fonts/type1/urw/courier/ucrr8a.pfb></usr/share/texmf-dist/fonts/type1/urw/times/utmb8a.pfb></usr/share/texmf-dist/fonts/type1/urw/times/utmr8a.pfb>
Output written on /home/eduardo/Documentos/Projetos/pydash/tex/egpaper_final.pdf (7 pages, 360234 bytes).
PDF statistics:
 213 PDF objects out of 1000 (max. 8388607)
 172 compressed objects within 2 object streams
 87 named destinations out of 1000 (max. 500000)
 51 words of extra memory for PDF output out of 10000 (max. 10000000)

